<?xml version="1.0" encoding="UTF-8"?>
<testsuite xmlns:xsi="http://www.w3.org/2001/XMLSchema-instance" xsi:noNamespaceSchemaLocation="https://maven.apache.org/surefire/maven-surefire-plugin/xsd/surefire-test-report-3.0.xsd" version="3.0" name="TestSuite" time="15.505" tests="8" errors="0" skipped="0" failures="4">
  <properties>
[...]
</properties>
  <testcase name="ShouldNotBeAbleToLoginIfPasswordIsNotCorrect" classname="com.qacart.todo.testcases.UserTest" time="4.705">
    <system-out><![CDATA[Request method:	POST
Request URI:	https://qacart-todo.herokuapp.com/api/v1/users/register
Proxy:			<none>
Request params:	<none>
Query params:	<none>
Form params:	<none>
Path params:	<none>
Headers:		Accept=*/*
				Content-Type=application/json
Cookies:		<none>
Multiparts:		<none>
Body:
{
    "firstName": "Tatum",
    "lastName": "Altenwerth",
    "email": "rigoberto.gibson@hotmail.com",
    "password": "iLikeQAcart"
}
Request method:	POST
Request URI:	https://qacart-todo.herokuapp.com/api/v1/users/register
Proxy:			<none>
Request params:	<none>
Query params:	<none>
Form params:	<none>
Path params:	<none>
Headers:		Accept=*/*
				Content-Type=application/json
Cookies:		<none>
Multiparts:		<none>
Body:
{
    "firstName": "Karyl",
    "lastName": "Schimmel",
    "email": "beatrice.carter@gmail.com",
    "password": "iLikeQAcart"
}
HTTP/1.1 201 Created
Server: Cowboy
Connection: keep-alive
X-Powered-By: Express
Access-Control-Allow-Origin: *
Set-Cookie: access_token=eyJhbGciOiJIUzI1NiIsInR5cCI6IkpXVCJ9.eyJpZCI6IjYzNDVjMGQ0ZjNiZDc1MDAxNjZlZDc4MiIsImZpcnN0TmFtZSI6IlRhdHVtIiwibGFzdE5hbWUiOiJBbHRlbndlcnRoIiwiaWF0IjoxNjY1NTE1NzMyfQ.x186fX32-0x0gNMfHxw7l4UeCgjD8wkQMgBN4ztuyis; Path=/
Set-Cookie: userID=j%3A%226345c0d4f3bd7500166ed782%22; Path=/
Set-Cookie: firstName=Tatum; Path=/
Content-Type: application/json; charset=utf-8
Content-Length: 282
Etag: W/"11a-DheGvLLjYTru7MES0hpULiLe7fE"
Date: Tue, 11 Oct 2022 19:15:32 GMT
Via: 1.1 vegur

{
    "access_token": "eyJhbGciOiJIUzI1NiIsInR5cCI6IkpXVCJ9.eyJpZCI6IjYzNDVjMGQ0ZjNiZDc1MDAxNjZlZDc4MiIsImZpcnN0TmFtZSI6IlRhdHVtIiwibGFzdE5hbWUiOiJBbHRlbndlcnRoIiwiaWF0IjoxNjY1NTE1NzMyfQ.x186fX32-0x0gNMfHxw7l4UeCgjD8wkQMgBN4ztuyis",
    "userID": "6345c0d4f3bd7500166ed782",
    "firstName": "Tatum"
}
HTTP/1.1 201 Created
Server: Cowboy
Connection: keep-alive
X-Powered-By: Express
Access-Control-Allow-Origin: *
Set-Cookie: access_token=eyJhbGciOiJIUzI1NiIsInR5cCI6IkpXVCJ9.eyJpZCI6IjYzNDVjMGQ0ZjNiZDc1MDAxNjZlZDc4NCIsImZpcnN0TmFtZSI6IkthcnlsIiwibGFzdE5hbWUiOiJTY2hpbW1lbCIsImlhdCI6MTY2NTUxNTczMn0.14iwx6Y-I_95gth7whvntaATM-J01jdL2z8VkeqOQ4c; Path=/
Set-Cookie: userID=j%3A%226345c0d4f3bd7500166ed784%22; Path=/
Set-Cookie: firstName=Karyl; Path=/
Content-Type: application/json; charset=utf-8
Content-Length: 279
Etag: W/"117-8/i6rDjKIVvMxagp9Ck+1DvWjS0"
Date: Tue, 11 Oct 2022 19:15:32 GMT
Via: 1.1 vegur

{
    "access_token": "eyJhbGciOiJIUzI1NiIsInR5cCI6IkpXVCJ9.eyJpZCI6IjYzNDVjMGQ0ZjNiZDc1MDAxNjZlZDc4NCIsImZpcnN0TmFtZSI6IkthcnlsIiwibGFzdE5hbWUiOiJTY2hpbW1lbCIsImlhdCI6MTY2NTUxNTczMn0.14iwx6Y-I_95gth7whvntaATM-J01jdL2z8VkeqOQ4c",
    "userID": "6345c0d4f3bd7500166ed784",
    "firstName": "Karyl"
}
Request method:	POST
Request URI:	https://qacart-todo.herokuapp.com/api/v1/users/login
Proxy:			<none>
Request params:	<none>
Query params:	<none>
Form params:	<none>
Path params:	<none>
Headers:		Accept=*/*
				Content-Type=application/json
Cookies:		<none>
Multiparts:		<none>
Body:
{
    "email": "rigoberto.gibson@hotmail.com",
    "password": "wrongPassword"
}
Request method:	POST
Request URI:	https://qacart-todo.herokuapp.com/api/v1/users/login
Proxy:			<none>
Request params:	<none>
Query params:	<none>
Form params:	<none>
Path params:	<none>
Headers:		Accept=*/*
				Content-Type=application/json
Cookies:		<none>
Multiparts:		<none>
Body:
{
    "item": "Rosemary Sutcliff",
    "isCompleted": false
}
HTTP/1.1 401 Unauthorized
Server: Cowboy
Connection: keep-alive
X-Powered-By: Express
Access-Control-Allow-Origin: *
Content-Type: application/json; charset=utf-8
Content-Length: 105
Etag: W/"69-+ROAeTYdLtKREH6azCyNv++b54o"
Date: Tue, 11 Oct 2022 19:15:33 GMT
Via: 1.1 vegur

{
    "message": "The email and password combination is not correct, please fill a correct email and password"
}
]]></system-out>
    <system-err><![CDATA[SLF4J: Failed to load class "org.slf4j.impl.StaticLoggerBinder".
SLF4J: Defaulting to no-operation (NOP) logger implementation
SLF4J: See http://www.slf4j.org/codes.html#StaticLoggerBinder for further details.
]]></system-err>
  </testcase>
  <testcase name="shouldBeAbleToLogin" classname="com.qacart.todo.testcases.UserTest" time="1.117">
    <system-out><![CDATA[Request method:	POST
Request URI:	https://qacart-todo.herokuapp.com/api/v1/users/register
Proxy:			<none>
Request params:	<none>
Query params:	<none>
Form params:	<none>
Path params:	<none>
Headers:		Accept=*/*
				Content-Type=application/json
Cookies:		<none>
Multiparts:		<none>
Body:
{
    "firstName": "Laquanda",
    "lastName": "Crona",
    "email": "nu.padberg@hotmail.com",
    "password": "iLikeQAcart"
}
HTTP/1.1 201 Created
Server: Cowboy
Connection: keep-alive
X-Powered-By: Express
Access-Control-Allow-Origin: *
Set-Cookie: access_token=eyJhbGciOiJIUzI1NiIsInR5cCI6IkpXVCJ9.eyJpZCI6IjYzNDVjMGQ2ZjNiZDc1MDAxNjZlZDc4OCIsImZpcnN0TmFtZSI6IlNwZW5jZXIiLCJsYXN0TmFtZSI6IlNjaGFlZmVyIiwiaWF0IjoxNjY1NTE1NzM0fQ.xPAdX1MveS8Xs42yVp1PKL0CKvdZUgDixszLqcQCsTs; Path=/
Set-Cookie: userID=j%3A%226345c0d6f3bd7500166ed788%22; Path=/
Set-Cookie: firstName=Spencer; Path=/
Content-Type: application/json; charset=utf-8
Content-Length: 284
Etag: W/"11c-+5kzzoh7t0ZBU4ifTayrTynX2Y0"
Date: Tue, 11 Oct 2022 19:15:34 GMT
Via: 1.1 vegur

{
    "access_token": "eyJhbGciOiJIUzI1NiIsInR5cCI6IkpXVCJ9.eyJpZCI6IjYzNDVjMGQ2ZjNiZDc1MDAxNjZlZDc4OCIsImZpcnN0TmFtZSI6IlNwZW5jZXIiLCJsYXN0TmFtZSI6IlNjaGFlZmVyIiwiaWF0IjoxNjY1NTE1NzM0fQ.xPAdX1MveS8Xs42yVp1PKL0CKvdZUgDixszLqcQCsTs",
    "userID": "6345c0d6f3bd7500166ed788",
    "firstName": "Spencer"
}
Request method:	POST
Request URI:	https://qacart-todo.herokuapp.com/api/v1/users/login
Proxy:			<none>
Request params:	<none>
Query params:	<none>
Form params:	<none>
Path params:	<none>
Headers:		Accept=*/*
				Content-Type=application/json
Cookies:		<none>
Multiparts:		<none>
Body:
{
    "email": "sabrina.block@yahoo.com",
    "password": "iLikeQAcart"
}
HTTP/1.1 201 Created
Server: Cowboy
Connection: keep-alive
X-Powered-By: Express
Access-Control-Allow-Origin: *
Set-Cookie: access_token=eyJhbGciOiJIUzI1NiIsInR5cCI6IkpXVCJ9.eyJpZCI6IjYzNDVjMGQ2ZjNiZDc1MDAxNjZlZDc4YiIsImZpcnN0TmFtZSI6IkxhcXVhbmRhIiwibGFzdE5hbWUiOiJDcm9uYSIsImlhdCI6MTY2NTUxNTczNH0.7uEhZCyw3HZ7WV7-EhYwTlgujkr94Z4hQEf-QbsQ3z8; Path=/
Set-Cookie: userID=j%3A%226345c0d6f3bd7500166ed78b%22; Path=/
Set-Cookie: firstName=Laquanda; Path=/
Content-Type: application/json; charset=utf-8
Content-Length: 282
Etag: W/"11a-z6+jC4ZBVyMihy9jucM3gzAmQEk"
Date: Tue, 11 Oct 2022 19:15:34 GMT
Via: 1.1 vegur

{
    "access_token": "eyJhbGciOiJIUzI1NiIsInR5cCI6IkpXVCJ9.eyJpZCI6IjYzNDVjMGQ2ZjNiZDc1MDAxNjZlZDc4YiIsImZpcnN0TmFtZSI6IkxhcXVhbmRhIiwibGFzdE5hbWUiOiJDcm9uYSIsImlhdCI6MTY2NTUxNTczNH0.7uEhZCyw3HZ7WV7-EhYwTlgujkr94Z4hQEf-QbsQ3z8",
    "userID": "6345c0d6f3bd7500166ed78b",
    "firstName": "Laquanda"
}
Request method:	POST
Request URI:	https://qacart-todo.herokuapp.com/api/v1/users/login
Proxy:			<none>
Request params:	<none>
Query params:	<none>
Form params:	<none>
Path params:	<none>
Headers:		Accept=*/*
				Content-Type=application/json
Cookies:		<none>
Multiparts:		<none>
Body:
{
    "item": "The Line of Beauty",
    "isCompleted": false
}
HTTP/1.1 200 OK
Server: Cowboy
Connection: keep-alive
X-Powered-By: Express
Access-Control-Allow-Origin: *
Set-Cookie: access_token=eyJhbGciOiJIUzI1NiIsInR5cCI6IkpXVCJ9.eyJpZCI6IjYzNDVjMGQ2ZjNiZDc1MDAxNjZlZDc4OCIsImZpcnN0TmFtZSI6IlNwZW5jZXIiLCJsYXN0TmFtZSI6IlNjaGFlZmVyIiwiaWF0IjoxNjY1NTE1NzM0fQ.xPAdX1MveS8Xs42yVp1PKL0CKvdZUgDixszLqcQCsTs; Path=/
Set-Cookie: userID=j%3A%226345c0d6f3bd7500166ed788%22; Path=/
Set-Cookie: firstName=Spencer; Path=/
Content-Type: application/json; charset=utf-8
Content-Length: 284
Etag: W/"11c-+5kzzoh7t0ZBU4ifTayrTynX2Y0"
Date: Tue, 11 Oct 2022 19:15:34 GMT
Via: 1.1 vegur

{
    "access_token": "eyJhbGciOiJIUzI1NiIsInR5cCI6IkpXVCJ9.eyJpZCI6IjYzNDVjMGQ2ZjNiZDc1MDAxNjZlZDc4OCIsImZpcnN0TmFtZSI6IlNwZW5jZXIiLCJsYXN0TmFtZSI6IlNjaGFlZmVyIiwiaWF0IjoxNjY1NTE1NzM0fQ.xPAdX1MveS8Xs42yVp1PKL0CKvdZUgDixszLqcQCsTs",
    "userID": "6345c0d6f3bd7500166ed788",
    "firstName": "Spencer"
}
]]></system-out>
  </testcase>
  <testcase name="shouldBeAbleToRegister" classname="com.qacart.todo.testcases.UserTest" time="0.883">
    <system-out><![CDATA[Request method:	POST
Request URI:	https://qacart-todo.herokuapp.com/api/v1/users/register
Proxy:			<none>
Request params:	<none>
Query params:	<none>
Form params:	<none>
Path params:	<none>
Headers:		Accept=*/*
				Content-Type=application/json
Cookies:		<none>
Multiparts:		<none>
Body:
{
    "firstName": "Dung",
    "lastName": "Hilll",
    "email": "donnie.stroman@yahoo.com",
    "password": "iLikeQAcart"
}
HTTP/1.1 400 Bad Request
Server: Cowboy
Connection: keep-alive
X-Powered-By: Express
Access-Control-Allow-Origin: *
Content-Type: application/json; charset=utf-8
Content-Length: 44
Etag: W/"2c-OQksK/mr1BwIe3bT0tzF8TOXm6U"
Date: Tue, 11 Oct 2022 19:15:35 GMT
Via: 1.1 vegur

{
    "message": "Please Fill a correct Password"
}
Request method:	DELETE
Request URI:	https://qacart-todo.herokuapp.com/api/v1/users/loginnull
Proxy:			<none>
Request params:	<none>
Query params:	<none>
Form params:	<none>
Path params:	<none>
Headers:		Accept=*/*
				Content-Type=application/json
Cookies:		<none>
Multiparts:		<none>
Body:			<none>
HTTP/1.1 201 Created
Server: Cowboy
Connection: keep-alive
X-Powered-By: Express
Access-Control-Allow-Origin: *
Set-Cookie: access_token=eyJhbGciOiJIUzI1NiIsInR5cCI6IkpXVCJ9.eyJpZCI6IjYzNDVjMGQ3ZjNiZDc1MDAxNjZlZDc4ZiIsImZpcnN0TmFtZSI6IkR1bmciLCJsYXN0TmFtZSI6IkhpbGxsIiwiaWF0IjoxNjY1NTE1NzM1fQ.r6nrKkPLvT3Se8pbhy5FPkzCns3RYHWfO1sQcguCzqI; Path=/
Set-Cookie: userID=j%3A%226345c0d7f3bd7500166ed78f%22; Path=/
Set-Cookie: firstName=Dung; Path=/
Content-Type: application/json; charset=utf-8
Content-Length: 273
Etag: W/"111-dAubQkt0oDUpd7F3iYULFkfgXQc"
Date: Tue, 11 Oct 2022 19:15:35 GMT
Via: 1.1 vegur

{
    "access_token": "eyJhbGciOiJIUzI1NiIsInR5cCI6IkpXVCJ9.eyJpZCI6IjYzNDVjMGQ3ZjNiZDc1MDAxNjZlZDc4ZiIsImZpcnN0TmFtZSI6IkR1bmciLCJsYXN0TmFtZSI6IkhpbGxsIiwiaWF0IjoxNjY1NTE1NzM1fQ.r6nrKkPLvT3Se8pbhy5FPkzCns3RYHWfO1sQcguCzqI",
    "userID": "6345c0d7f3bd7500166ed78f",
    "firstName": "Dung"
}
]]></system-out>
  </testcase>
  <testcase name="shouldNotBeAbleToRegisterWithTheSameEmail" classname="com.qacart.todo.testcases.UserTest" time="0.947">
    <system-out><![CDATA[Request method:	POST
Request URI:	https://qacart-todo.herokuapp.com/api/v1/users/register
Proxy:			<none>
Request params:	<none>
Query params:	<none>
Form params:	<none>
Path params:	<none>
Headers:		Accept=*/*
				Content-Type=application/json
Cookies:		<none>
Multiparts:		<none>
Body:
{
    "firstName": "Frankie",
    "lastName": "Hoeger",
    "email": "ivey.gulgowski@gmail.com",
    "password": "iLikeQAcart"
}
HTTP/1.1 201 Created
Server: Cowboy
Connection: keep-alive
X-Powered-By: Express
Access-Control-Allow-Origin: *
Set-Cookie: access_token=eyJhbGciOiJIUzI1NiIsInR5cCI6IkpXVCJ9.eyJpZCI6IjYzNDVjMGQ4ZjNiZDc1MDAxNjZlZDc5MiIsImZpcnN0TmFtZSI6Ik1lbGlzc2EiLCJsYXN0TmFtZSI6IkJhdWNoIiwiaWF0IjoxNjY1NTE1NzM2fQ.-V1Sdp5vubgQ2eDe8cGkybDblDKXhknprgSZw8zhw2k; Path=/
Set-Cookie: userID=j%3A%226345c0d8f3bd7500166ed792%22; Path=/
Set-Cookie: firstName=Melissa; Path=/
Content-Type: application/json; charset=utf-8
Content-Length: 280
Etag: W/"118-eydARDGcF9QRwrJKcpqDl9ky1pk"
Date: Tue, 11 Oct 2022 19:15:36 GMT
Via: 1.1 vegur

{
    "access_token": "eyJhbGciOiJIUzI1NiIsInR5cCI6IkpXVCJ9.eyJpZCI6IjYzNDVjMGQ4ZjNiZDc1MDAxNjZlZDc5MiIsImZpcnN0TmFtZSI6Ik1lbGlzc2EiLCJsYXN0TmFtZSI6IkJhdWNoIiwiaWF0IjoxNjY1NTE1NzM2fQ.-V1Sdp5vubgQ2eDe8cGkybDblDKXhknprgSZw8zhw2k",
    "userID": "6345c0d8f3bd7500166ed792",
    "firstName": "Melissa"
}
Request method:	POST
Request URI:	https://qacart-todo.herokuapp.com/api/v1/users/register
Proxy:			<none>
Request params:	<none>
Query params:	<none>
Form params:	<none>
Path params:	<none>
Headers:		Accept=*/*
				Content-Type=application/json
Cookies:		<none>
Multiparts:		<none>
Body:
{
    "firstName": "Melissa",
    "lastName": "Bauch",
    "email": "laverne.torp@gmail.com",
    "password": "iLikeQAcart"
}
HTTP/1.1 201 Created
Server: Cowboy
Connection: keep-alive
X-Powered-By: Express
Access-Control-Allow-Origin: *
Set-Cookie: access_token=eyJhbGciOiJIUzI1NiIsInR5cCI6IkpXVCJ9.eyJpZCI6IjYzNDVjMGQ5ZjNiZDc1MDAxNjZlZDc5NSIsImZpcnN0TmFtZSI6IkZyYW5raWUiLCJsYXN0TmFtZSI6IkhvZWdlciIsImlhdCI6MTY2NTUxNTczN30.AmrS4oC6i4WVKRn44aHTZJ5DLWS8pAbmlD1esJ6CR5w; Path=/
Set-Cookie: userID=j%3A%226345c0d9f3bd7500166ed795%22; Path=/
Set-Cookie: firstName=Frankie; Path=/
Content-Type: application/json; charset=utf-8
Content-Length: 281
Etag: W/"119-MTr5lgEfez6LPEZS9v1JzW0IwX0"
Date: Tue, 11 Oct 2022 19:15:37 GMT
Via: 1.1 vegur

{
    "access_token": "eyJhbGciOiJIUzI1NiIsInR5cCI6IkpXVCJ9.eyJpZCI6IjYzNDVjMGQ5ZjNiZDc1MDAxNjZlZDc5NSIsImZpcnN0TmFtZSI6IkZyYW5raWUiLCJsYXN0TmFtZSI6IkhvZWdlciIsImlhdCI6MTY2NTUxNTczN30.AmrS4oC6i4WVKRn44aHTZJ5DLWS8pAbmlD1esJ6CR5w",
    "userID": "6345c0d9f3bd7500166ed795",
    "firstName": "Frankie"
}
Request method:	POST
Request URI:	https://qacart-todo.herokuapp.com/api/v1/users/login
Proxy:			<none>
Request params:	<none>
Query params:	<none>
Form params:	<none>
Path params:	<none>
Headers:		Accept=*/*
				Content-Type=application/json
Cookies:		<none>
Multiparts:		<none>
Body:
{
    "item": "Absalom, Absalom!",
    "isCompleted": false
}
HTTP/1.1 400 Bad Request
Server: Cowboy
Connection: keep-alive
X-Powered-By: Express
Access-Control-Allow-Origin: *
Content-Type: application/json; charset=utf-8
Content-Length: 53
Etag: W/"35-dsxV0+vy1L0TgNQY0Spaqv/j9fw"
Date: Tue, 11 Oct 2022 19:15:37 GMT
Via: 1.1 vegur

{
    "message": "Email is already exists in the Database"
}
]]></system-out>
  </testcase>
  <testcase name="shouldBeAbleToAddTodo" classname="com.qacart.todo.testcases.TodoTest" time="0.308">
    <failure message="com.fasterxml.jackson.databind.exc.UnrecognizedPropertyException: Unrecognized field &quot;message&quot; (class com.qacart.todo.models.Todo), not marked as ignorable (6 known properties: &quot;isCompleted&quot;, &quot;item&quot;, &quot;userID&quot;, &quot;_id&quot;, &quot;createdAt&quot;, &quot;__v&quot;])&#10; at [Source: (String)&quot;{&quot;message&quot;:&quot;Please Fill a correct Password&quot;}&quot;; line: 1, column: 13] (through reference chain: com.qacart.todo.models.Todo[&quot;message&quot;])" type="java.lang.RuntimeException"><![CDATA[java.lang.RuntimeException: 
com.fasterxml.jackson.databind.exc.UnrecognizedPropertyException: Unrecognized field "message" (class com.qacart.todo.models.Todo), not marked as ignorable (6 known properties: "isCompleted", "item", "userID", "_id", "createdAt", "__v"])
 at [Source: (String)"{"message":"Please Fill a correct Password"}"; line: 1, column: 13] (through reference chain: com.qacart.todo.models.Todo["message"])
	at io.restassured.internal.path.json.mapping.JsonPathJackson2ObjectDeserializer.deserialize(JsonPathJackson2ObjectDeserializer.java:30)
	at io.restassured.path.json.mapping.JsonPathObjectDeserializer$deserialize.call(Unknown Source)
	at io.restassured.internal.mapping.Jackson2Mapper.deserialize(Jackson2Mapper.groovy:58)
	at io.restassured.mapper.ObjectMapper$deserialize$1.call(Unknown Source)
	at io.restassured.internal.mapping.ObjectMapping.parseWithJackson2(ObjectMapping.groovy:254)
	at io.restassured.internal.mapping.ObjectMapping$parseWithJackson2$2.callStatic(Unknown Source)
	at io.restassured.internal.mapping.ObjectMapping.deserialize(ObjectMapping.groovy:56)
	at io.restassured.internal.mapping.ObjectMapping$deserialize$1.call(Unknown Source)
	at io.restassured.internal.RestAssuredResponseOptionsGroovyImpl.as(RestAssuredResponseOptionsGroovyImpl.groovy:231)
	at io.restassured.internal.RestAssuredResponseOptionsImpl.as(RestAssuredResponseOptionsImpl.java:169)
	at com.qacart.todo.testcases.TodoTest.shouldBeAbleToAddTodo(TodoTest.java:27)
	at java.base/jdk.internal.reflect.NativeMethodAccessorImpl.invoke0(Native Method)
	at java.base/jdk.internal.reflect.NativeMethodAccessorImpl.invoke(NativeMethodAccessorImpl.java:62)
	at java.base/jdk.internal.reflect.DelegatingMethodAccessorImpl.invoke(DelegatingMethodAccessorImpl.java:43)
	at java.base/java.lang.reflect.Method.invoke(Method.java:566)
	at org.testng.internal.invokers.MethodInvocationHelper.invokeMethod(MethodInvocationHelper.java:139)
	at org.testng.internal.invokers.TestInvoker.invokeMethod(TestInvoker.java:677)
	at org.testng.internal.invokers.TestInvoker.invokeTestMethod(TestInvoker.java:221)
	at org.testng.internal.invokers.MethodRunner.runInSequence(MethodRunner.java:50)
	at org.testng.internal.invokers.TestInvoker$MethodInvocationAgent.invoke(TestInvoker.java:962)
	at org.testng.internal.invokers.TestInvoker.invokeTestMethods(TestInvoker.java:194)
	at org.testng.internal.invokers.TestMethodWorker.invokeTestMethods(TestMethodWorker.java:148)
	at org.testng.internal.invokers.TestMethodWorker.run(TestMethodWorker.java:128)
	at java.base/java.util.concurrent.ThreadPoolExecutor.runWorker(ThreadPoolExecutor.java:1128)
	at java.base/java.util.concurrent.ThreadPoolExecutor$Worker.run(ThreadPoolExecutor.java:628)
	at java.base/java.lang.Thread.run(Thread.java:834)
Caused by: com.fasterxml.jackson.databind.exc.UnrecognizedPropertyException: Unrecognized field "message" (class com.qacart.todo.models.Todo), not marked as ignorable (6 known properties: "isCompleted", "item", "userID", "_id", "createdAt", "__v"])
 at [Source: (String)"{"message":"Please Fill a correct Password"}"; line: 1, column: 13] (through reference chain: com.qacart.todo.models.Todo["message"])
	at com.fasterxml.jackson.databind.exc.UnrecognizedPropertyException.from(UnrecognizedPropertyException.java:61)
	at com.fasterxml.jackson.databind.DeserializationContext.handleUnknownProperty(DeserializationContext.java:1127)
	at com.fasterxml.jackson.databind.deser.std.StdDeserializer.handleUnknownProperty(StdDeserializer.java:2023)
	at com.fasterxml.jackson.databind.deser.BeanDeserializerBase.handleUnknownProperty(BeanDeserializerBase.java:1700)
	at com.fasterxml.jackson.databind.deser.BeanDeserializerBase.handleUnknownVanilla(BeanDeserializerBase.java:1678)
	at com.fasterxml.jackson.databind.deser.BeanDeserializer.vanillaDeserialize(BeanDeserializer.java:320)
	at com.fasterxml.jackson.databind.deser.BeanDeserializer.deserialize(BeanDeserializer.java:177)
	at com.fasterxml.jackson.databind.deser.DefaultDeserializationContext.readRootValue(DefaultDeserializationContext.java:323)
	at com.fasterxml.jackson.databind.ObjectMapper._readMapAndClose(ObjectMapper.java:4674)
	at com.fasterxml.jackson.databind.ObjectMapper.readValue(ObjectMapper.java:3629)
	at io.restassured.internal.path.json.mapping.JsonPathJackson2ObjectDeserializer.deserialize(JsonPathJackson2ObjectDeserializer.java:28)
	... 25 more
]]></failure>
    <system-out><![CDATA[Request method:	POST
Request URI:	https://qacart-todo.herokuapp.com/api/v1/users/register
Proxy:			<none>
Request params:	<none>
Query params:	<none>
Form params:	<none>
Path params:	<none>
Headers:		Accept=*/*
				Content-Type=application/json
Cookies:		<none>
Multiparts:		<none>
Body:
{
    "firstName": "Spencer",
    "lastName": "Schaefer",
    "email": "sabrina.block@yahoo.com",
    "password": "iLikeQAcart"
}
HTTP/1.1 400 Bad Request
Server: Cowboy
Connection: keep-alive
X-Powered-By: Express
Access-Control-Allow-Origin: *
Content-Type: application/json; charset=utf-8
Content-Length: 44
Etag: W/"2c-OQksK/mr1BwIe3bT0tzF8TOXm6U"
Date: Tue, 11 Oct 2022 19:15:33 GMT
Via: 1.1 vegur

{
    "message": "Please Fill a correct Password"
}
]]></system-out>
  </testcase>
  <testcase name="shouldBeAbleToDeleteTodoByID" classname="com.qacart.todo.testcases.TodoTest" time="0.646">
    <failure message="Cannot parse object because no supported Content-Type was specified in response. Content-Type was &apos;text/html; charset=utf-8&apos;." type="java.lang.IllegalStateException"><![CDATA[java.lang.IllegalStateException: Cannot parse object because no supported Content-Type was specified in response. Content-Type was 'text/html; charset=utf-8'.
	at java.base/jdk.internal.reflect.NativeConstructorAccessorImpl.newInstance0(Native Method)
	at java.base/jdk.internal.reflect.NativeConstructorAccessorImpl.newInstance(NativeConstructorAccessorImpl.java:62)
	at java.base/jdk.internal.reflect.DelegatingConstructorAccessorImpl.newInstance(DelegatingConstructorAccessorImpl.java:45)
	at java.base/java.lang.reflect.Constructor.newInstance(Constructor.java:490)
	at org.codehaus.groovy.reflection.CachedConstructor.invoke(CachedConstructor.java:73)
	at org.codehaus.groovy.runtime.callsite.ConstructorSite$ConstructorSiteNoUnwrapNoCoerce.callConstructor(ConstructorSite.java:108)
	at org.codehaus.groovy.runtime.callsite.CallSiteArray.defaultCallConstructor(CallSiteArray.java:58)
	at org.codehaus.groovy.runtime.callsite.AbstractCallSite.callConstructor(AbstractCallSite.java:263)
	at org.codehaus.groovy.runtime.callsite.AbstractCallSite.callConstructor(AbstractCallSite.java:277)
	at io.restassured.internal.mapping.ObjectMapping.deserialize(ObjectMapping.groovy:95)
	at io.restassured.internal.mapping.ObjectMapping$deserialize$1.call(Unknown Source)
	at io.restassured.internal.RestAssuredResponseOptionsGroovyImpl.as(RestAssuredResponseOptionsGroovyImpl.groovy:231)
	at io.restassured.internal.RestAssuredResponseOptionsImpl.as(RestAssuredResponseOptionsImpl.java:169)
	at com.qacart.todo.testcases.TodoTest.shouldBeAbleToDeleteTodoByID(TodoTest.java:66)
	at java.base/jdk.internal.reflect.NativeMethodAccessorImpl.invoke0(Native Method)
	at java.base/jdk.internal.reflect.NativeMethodAccessorImpl.invoke(NativeMethodAccessorImpl.java:62)
	at java.base/jdk.internal.reflect.DelegatingMethodAccessorImpl.invoke(DelegatingMethodAccessorImpl.java:43)
	at java.base/java.lang.reflect.Method.invoke(Method.java:566)
	at org.testng.internal.invokers.MethodInvocationHelper.invokeMethod(MethodInvocationHelper.java:139)
	at org.testng.internal.invokers.TestInvoker.invokeMethod(TestInvoker.java:677)
	at org.testng.internal.invokers.TestInvoker.invokeTestMethod(TestInvoker.java:221)
	at org.testng.internal.invokers.MethodRunner.runInSequence(MethodRunner.java:50)
	at org.testng.internal.invokers.TestInvoker$MethodInvocationAgent.invoke(TestInvoker.java:962)
	at org.testng.internal.invokers.TestInvoker.invokeTestMethods(TestInvoker.java:194)
	at org.testng.internal.invokers.TestMethodWorker.invokeTestMethods(TestMethodWorker.java:148)
	at org.testng.internal.invokers.TestMethodWorker.run(TestMethodWorker.java:128)
	at java.base/java.util.concurrent.ThreadPoolExecutor.runWorker(ThreadPoolExecutor.java:1128)
	at java.base/java.util.concurrent.ThreadPoolExecutor$Worker.run(ThreadPoolExecutor.java:628)
	at java.base/java.lang.Thread.run(Thread.java:834)
]]></failure>
    <system-out><![CDATA[Request method:	POST
Request URI:	https://qacart-todo.herokuapp.com/api/v1/users/register
Proxy:			<none>
Request params:	<none>
Query params:	<none>
Form params:	<none>
Path params:	<none>
Headers:		Accept=*/*
				Content-Type=application/json
Cookies:		<none>
Multiparts:		<none>
Body:
{
    "firstName": "Melissa",
    "lastName": "Bauch",
    "email": "laverne.torp@gmail.com",
    "password": "iLikeQAcart"
}
HTTP/1.1 404 Not Found
Server: Cowboy
Connection: keep-alive
X-Powered-By: Express
Access-Control-Allow-Origin: *
Content-Security-Policy: default-src 'none'
X-Content-Type-Options: nosniff
Content-Type: text/html; charset=utf-8
Content-Length: 164
Date: Tue, 11 Oct 2022 19:15:36 GMT
Via: 1.1 vegur

<html lang="en">
  <head>
    <meta charset="utf-8"/>
    <title>Error</title>
  </head>
  <body>
    <pre>Cannot DELETE /api/v1/users/loginnull</pre>
  </body>
</html>
]]></system-out>
  </testcase>
  <testcase name="shouldBeAbleToGetATodoByID" classname="com.qacart.todo.testcases.TodoTest" time="2.14">
    <failure message="Cannot parse object because no supported Content-Type was specified in response. Content-Type was &apos;text/html; charset=UTF-8&apos;." type="java.lang.IllegalStateException"><![CDATA[java.lang.IllegalStateException: Cannot parse object because no supported Content-Type was specified in response. Content-Type was 'text/html; charset=UTF-8'.
	at java.base/jdk.internal.reflect.NativeConstructorAccessorImpl.newInstance0(Native Method)
	at java.base/jdk.internal.reflect.NativeConstructorAccessorImpl.newInstance(NativeConstructorAccessorImpl.java:62)
	at java.base/jdk.internal.reflect.DelegatingConstructorAccessorImpl.newInstance(DelegatingConstructorAccessorImpl.java:45)
	at java.base/java.lang.reflect.Constructor.newInstance(Constructor.java:490)
	at org.codehaus.groovy.reflection.CachedConstructor.invoke(CachedConstructor.java:73)
	at org.codehaus.groovy.runtime.callsite.ConstructorSite$ConstructorSiteNoUnwrapNoCoerce.callConstructor(ConstructorSite.java:108)
	at org.codehaus.groovy.runtime.callsite.AbstractCallSite.callConstructor(AbstractCallSite.java:277)
	at io.restassured.internal.mapping.ObjectMapping.deserialize(ObjectMapping.groovy:95)
	at io.restassured.internal.mapping.ObjectMapping$deserialize$1.call(Unknown Source)
	at io.restassured.internal.RestAssuredResponseOptionsGroovyImpl.as(RestAssuredResponseOptionsGroovyImpl.groovy:231)
	at io.restassured.internal.RestAssuredResponseOptionsImpl.as(RestAssuredResponseOptionsImpl.java:169)
	at com.qacart.todo.testcases.TodoTest.shouldBeAbleToGetATodoByID(TodoTest.java:53)
	at java.base/jdk.internal.reflect.NativeMethodAccessorImpl.invoke0(Native Method)
	at java.base/jdk.internal.reflect.NativeMethodAccessorImpl.invoke(NativeMethodAccessorImpl.java:62)
	at java.base/jdk.internal.reflect.DelegatingMethodAccessorImpl.invoke(DelegatingMethodAccessorImpl.java:43)
	at java.base/java.lang.reflect.Method.invoke(Method.java:566)
	at org.testng.internal.invokers.MethodInvocationHelper.invokeMethod(MethodInvocationHelper.java:139)
	at org.testng.internal.invokers.TestInvoker.invokeMethod(TestInvoker.java:677)
	at org.testng.internal.invokers.TestInvoker.invokeTestMethod(TestInvoker.java:221)
	at org.testng.internal.invokers.MethodRunner.runInSequence(MethodRunner.java:50)
	at org.testng.internal.invokers.TestInvoker$MethodInvocationAgent.invoke(TestInvoker.java:962)
	at org.testng.internal.invokers.TestInvoker.invokeTestMethods(TestInvoker.java:194)
	at org.testng.internal.invokers.TestMethodWorker.invokeTestMethods(TestMethodWorker.java:148)
	at org.testng.internal.invokers.TestMethodWorker.run(TestMethodWorker.java:128)
	at java.base/java.util.concurrent.ThreadPoolExecutor.runWorker(ThreadPoolExecutor.java:1128)
	at java.base/java.util.concurrent.ThreadPoolExecutor$Worker.run(ThreadPoolExecutor.java:628)
	at java.base/java.lang.Thread.run(Thread.java:834)
]]></failure>
    <system-out><![CDATA[HTTP/1.1 400 Bad Request
Server: Cowboy
Connection: keep-alive
X-Powered-By: Express
Access-Control-Allow-Origin: *
Content-Type: application/json; charset=utf-8
Content-Length: 44
Etag: W/"2c-OQksK/mr1BwIe3bT0tzF8TOXm6U"
Date: Tue, 11 Oct 2022 19:15:37 GMT
Via: 1.1 vegur

{
    "message": "Please Fill a correct Password"
}
Request method:	GET
Request URI:	https://qacart-todo.herokuapp.com/api/v1/users/loginnull
Proxy:			<none>
Request params:	<none>
Query params:	<none>
Form params:	<none>
Path params:	<none>
Headers:		Accept=*/*
				Content-Type=application/json
Cookies:		<none>
Multiparts:		<none>
Body:			<none>
HTTP/1.1 200 OK
Server: Cowboy
Connection: keep-alive
X-Powered-By: Express
Access-Control-Allow-Origin: *
Accept-Ranges: bytes
Cache-Control: public, max-age=0
Last-Modified: Sun, 25 Sep 2022 19:24:17 GMT
Etag: W/"8a2-183761b7ee8"
Content-Type: text/html; charset=UTF-8
Content-Length: 2210
Date: Tue, 11 Oct 2022 19:15:38 GMT
Via: 1.1 vegur

<html lang="en">
  <head>
    <meta charset="utf-8"/>
    <link rel="icon" href="/logo.png"/>
    <meta name="viewport" content="width=device-width,initial-scale=1"/>
    <meta name="theme-color" content="#000000"/>
    <meta name="description" content="Web site created using create-react-app"/>
    <link rel="apple-touch-icon" href="/logo192.png"/>
    <link rel="manifest" href="/manifest.json"/>
    <title>React App</title>
    <link href="/static/css/main.9827a559.chunk.css" rel="stylesheet"/>
  </head>
  <body>
    <noscript>You need to enable JavaScript to run this app.</noscript>
    <div id="root"/>
    <script>!function(e){function t(t){for(var n,l,i=t[0],f=t[1],a=t[2],p=0,s=[];p&lt;i.length;p++)l=i[p],Object.prototype.hasOwnProperty.call(o,l)&amp;&amp;o[l]&amp;&amp;s.push(o[l][0]),o[l]=0;for(n in f)Object.prototype.hasOwnProperty.call(f,n)&amp;&amp;(e[n]=f[n]);for(c&amp;&amp;c(t);s.length;)s.shift()();return u.push.apply(u,a||[]),r()}function r(){for(var e,t=0;t&lt;u.length;t++){for(var r=u[t],n=!0,i=1;i&lt;r.length;i++){var f=r[i];0!==o[f]&amp;&amp;(n=!1)}n&amp;&amp;(u.splice(t--,1),e=l(l.s=r[0]))}return e}var n={},o={1:0},u=[];function l(t){if(n[t])return n[t].exports;var r=n[t]={i:t,l:!1,exports:{}};return e[t].call(r.exports,r,r.exports,l),r.l=!0,r.exports}l.m=e,l.c=n,l.d=function(e,t,r){l.o(e,t)||Object.defineProperty(e,t,{enumerable:!0,get:r})},l.r=function(e){"undefined"!=typeof Symbol&amp;&amp;Symbol.toStringTag&amp;&amp;Object.defineProperty(e,Symbol.toStringTag,{value:"Module"}),Object.defineProperty(e,"__esModule",{value:!0})},l.t=function(e,t){if(1&amp;t&amp;&amp;(e=l(e)),8&amp;t)return e;if(4&amp;t&amp;&amp;"object"==typeof e&amp;&amp;e&amp;&amp;e.__esModule)return e;var r=Object.create(null);if(l.r(r),Object.defineProperty(r,"default",{enumerable:!0,value:e}),2&amp;t&amp;&amp;"string"!=typeof e)for(var n in e)l.d(r,n,function(t){return e[t]}.bind(null,n));return r},l.n=function(e){var t=e&amp;&amp;e.__esModule?function(){return e.default}:function(){return e};return l.d(t,"a",t),t},l.o=function(e,t){return Object.prototype.hasOwnProperty.call(e,t)},l.p="/";var i=this.webpackJsonpclient=this.webpackJsonpclient||[],f=i.push.bind(i);i.push=t,i=i.slice();for(var a=0;a&lt;i.length;a++)t(i[a]);var c=f;r()}([])</script>
    <script src="/static/js/2.4672ce69.chunk.js"/>
    <script src="/static/js/main.16b47f6f.chunk.js"/>
  </body>
</html>
]]></system-out>
  </testcase>
  <testcase name="shouldNotBeAbleToAddTodoIfIsCompletedMissing" classname="com.qacart.todo.testcases.TodoTest" time="4.505">
    <failure message="&#10;Expected: is &quot;The email and password combination is not correct, please fill a correct email and password&quot;&#10;     but: was &quot;Please Fill a correct Password&quot;" type="java.lang.AssertionError"><![CDATA[java.lang.AssertionError: 

Expected: is "The email and password combination is not correct, please fill a correct email and password"
     but: was "Please Fill a correct Password"
	at org.hamcrest.MatcherAssert.assertThat(MatcherAssert.java:18)
	at org.hamcrest.MatcherAssert.assertThat(MatcherAssert.java:6)
	at com.qacart.todo.testcases.TodoTest.shouldNotBeAbleToAddTodoIfIsCompletedMissing(TodoTest.java:44)
	at java.base/jdk.internal.reflect.NativeMethodAccessorImpl.invoke0(Native Method)
	at java.base/jdk.internal.reflect.NativeMethodAccessorImpl.invoke(NativeMethodAccessorImpl.java:62)
	at java.base/jdk.internal.reflect.DelegatingMethodAccessorImpl.invoke(DelegatingMethodAccessorImpl.java:43)
	at java.base/java.lang.reflect.Method.invoke(Method.java:566)
	at org.testng.internal.invokers.MethodInvocationHelper.invokeMethod(MethodInvocationHelper.java:139)
	at org.testng.internal.invokers.TestInvoker.invokeMethod(TestInvoker.java:677)
	at org.testng.internal.invokers.TestInvoker.invokeTestMethod(TestInvoker.java:221)
	at org.testng.internal.invokers.MethodRunner.runInSequence(MethodRunner.java:50)
	at org.testng.internal.invokers.TestInvoker$MethodInvocationAgent.invoke(TestInvoker.java:962)
	at org.testng.internal.invokers.TestInvoker.invokeTestMethods(TestInvoker.java:194)
	at org.testng.internal.invokers.TestMethodWorker.invokeTestMethods(TestMethodWorker.java:148)
	at org.testng.internal.invokers.TestMethodWorker.run(TestMethodWorker.java:128)
	at java.base/java.util.concurrent.ThreadPoolExecutor.runWorker(ThreadPoolExecutor.java:1128)
	at java.base/java.util.concurrent.ThreadPoolExecutor$Worker.run(ThreadPoolExecutor.java:628)
	at java.base/java.lang.Thread.run(Thread.java:834)
]]></failure>
    <system-out><![CDATA[Request method:	POST
Request URI:	https://qacart-todo.herokuapp.com/api/v1/users/register
Proxy:			<none>
Request params:	<none>
Query params:	<none>
Form params:	<none>
Path params:	<none>
Headers:		Accept=*/*
				Content-Type=application/json
Cookies:		<none>
Multiparts:		<none>
Body:
{
    "firstName": "Penni",
    "lastName": "Rippin",
    "email": "sammy.breitenberg@gmail.com",
    "password": "iLikeQAcart"
}
HTTP/1.1 201 Created
Server: Cowboy
Connection: keep-alive
X-Powered-By: Express
Access-Control-Allow-Origin: *
Set-Cookie: access_token=eyJhbGciOiJIUzI1NiIsInR5cCI6IkpXVCJ9.eyJpZCI6IjYzNDVjMGRkZjNiZDc1MDAxNjZlZDc5OSIsImZpcnN0TmFtZSI6IlBlbm5pIiwibGFzdE5hbWUiOiJSaXBwaW4iLCJpYXQiOjE2NjU1MTU3NDF9.BJVXGzjwlLpHlN6VfCalABkQu_m47fufw8fAMnJ0iLQ; Path=/
Set-Cookie: userID=j%3A%226345c0ddf3bd7500166ed799%22; Path=/
Set-Cookie: firstName=Penni; Path=/
Content-Type: application/json; charset=utf-8
Content-Length: 276
Etag: W/"114-XfziJCejh08WlruESpXxCNmI6RA"
Date: Tue, 11 Oct 2022 19:15:41 GMT
Via: 1.1 vegur

{
    "access_token": "eyJhbGciOiJIUzI1NiIsInR5cCI6IkpXVCJ9.eyJpZCI6IjYzNDVjMGRkZjNiZDc1MDAxNjZlZDc5OSIsImZpcnN0TmFtZSI6IlBlbm5pIiwibGFzdE5hbWUiOiJSaXBwaW4iLCJpYXQiOjE2NjU1MTU3NDF9.BJVXGzjwlLpHlN6VfCalABkQu_m47fufw8fAMnJ0iLQ",
    "userID": "6345c0ddf3bd7500166ed799",
    "firstName": "Penni"
}
Request method:	POST
Request URI:	https://qacart-todo.herokuapp.com/api/v1/users/login
Proxy:			<none>
Request params:	<none>
Query params:	<none>
Form params:	<none>
Path params:	<none>
Headers:		Accept=*/*
				Content-Type=application/json
Cookies:		<none>
Multiparts:		<none>
Body:
{
    "item": "Learn Appium"
}
HTTP/1.1 400 Bad Request
Server: Cowboy
Connection: keep-alive
X-Powered-By: Express
Access-Control-Allow-Origin: *
Content-Type: application/json; charset=utf-8
Content-Length: 44
Etag: W/"2c-OQksK/mr1BwIe3bT0tzF8TOXm6U"
Date: Tue, 11 Oct 2022 19:15:42 GMT
Via: 1.1 vegur

{
    "message": "Please Fill a correct Password"
}
]]></system-out>
  </testcase>
</testsuite>